{"numFailedTestSuites":1,"numFailedTests":1,"numPassedTestSuites":0,"numPassedTests":1,"numPendingTestSuites":0,"numPendingTests":0,"numRuntimeErrorTestSuites":0,"numTodoTests":0,"numTotalTestSuites":1,"numTotalTests":2,"openHandles":[],"snapshot":{"added":0,"didUpdate":false,"failure":false,"filesAdded":0,"filesRemoved":0,"filesRemovedList":[],"filesUnmatched":0,"filesUpdated":0,"matched":0,"total":0,"unchecked":0,"uncheckedKeysByFile":[],"unmatched":0,"updated":0},"startTime":1660232059918,"success":false,"testResults":[{"assertionResults":[{"ancestorTitles":[],"duration":1,"failureMessages":[],"fullName":"adds 1 + 2 to equal 3","location":null,"status":"passed","title":"adds 1 + 2 to equal 3"},{"ancestorTitles":[],"duration":1,"failureMessages":["Error: expect(received).toBe(expected) // Object.is equality\n\nExpected: 2\nReceived: undefined\n    at Object.toBe (/code/calc.test.js:8:23)\n    at Promise.then.completed (/code/node_modules/jest-circus/build/utils.js:333:28)\n    at new Promise (<anonymous>)\n    at callAsyncCircusFn (/code/node_modules/jest-circus/build/utils.js:259:10)\n    at _callCircusTest (/code/node_modules/jest-circus/build/run.js:277:40)\n    at processTicksAndRejections (node:internal/process/task_queues:96:5)\n    at _runTest (/code/node_modules/jest-circus/build/run.js:209:3)\n    at _runTestsForDescribeBlock (/code/node_modules/jest-circus/build/run.js:97:9)\n    at run (/code/node_modules/jest-circus/build/run.js:31:3)\n    at runAndTransformResultsToJestFormat (/code/node_modules/jest-circus/build/legacy-code-todo-rewrite/jestAdapterInit.js:135:21)"],"fullName":"subtracts 4 - 2 to equal 2","location":null,"status":"failed","title":"subtracts 4 - 2 to equal 2"}],"endTime":1660232060238,"message":"  ● subtracts 4 - 2 to equal 2\n\n    expect(received).toBe(expected) // Object.is equality\n\n    Expected: 2\n    Received: undefined\n\n      6 |\n      7 | test('subtracts 4 - 2 to equal 2', () => {\n    > 8 |     expect(sub(4, 2)).toBe(2);\n        |                       ^\n      9 | });\n\n      at Object.toBe (calc.test.js:8:23)\n","name":"/code/calc.test.js","startTime":1660232059950,"status":"failed","summary":""}],"wasInterrupted":false}